<?xml version="1.0" encoding="UTF-8"?>
<!-- Generated by org.testng.reporters.JUnitXMLReporter -->
<testsuite ignored="0" hostname="DESKTOP-JEHOL2V" failures="0" tests="1" name="Default test" time="187.796" errors="0" timestamp="2024-08-22T18:21:22 IST">
  <testcase classname="com.hanapos.OrderEntry_Alais_DeliveryType_PhoneOrderTest.Hana_T303_Delivery_Functionality_with_New_customer_FT" name="Validate_Hana_T303_Delivery_Functionality_with_New_customer_Functionality_Test" time="181.76"/>
</testsuite> <!-- Default test -->
