<?xml version="1.0" encoding="UTF-8"?>
<!-- Generated by org.testng.reporters.JUnitXMLReporter -->
<testsuite ignored="0" hostname="DESKTOP-JEHOL2V" failures="0" tests="1" name="ChromeBrowserTest" time="101.969" errors="0" timestamp="2024-09-17T10:34:09 IST">
  <testcase classname="com.hanapos.OrderEntry_Alais_PickUp_PhoneOrder_Testcases.Hana_T130_Pickup_CustomerSection_Edit_Customer_CustomerDetails_OrderDetails_TotalSearchFilter_FT" name="Validate_Hana_T130_Pickup_CustomerSection_Edit_Customer_CustomerDetails_OrderDetails_TotalSearchFilter_Functionality_Test" time="92.777"/>
</testsuite> <!-- ChromeBrowserTest -->
