<?xml version="1.0" encoding="UTF-8"?>
<testng-results ignored="0" total="1" passed="1" failed="0" skipped="0">
  <reporter-output>
  </reporter-output>
  <suite started-at="2024-09-10T12:22:26 IST" name="Default suite" finished-at="2024-09-10T12:24:05 IST" duration-ms="99126">
    <groups>
      <group name="Regression">
        <method signature="Hana_T14_Add_Product_FT.Validate_Hana_T14_Add_Product_Test(java.lang.String)[pri:0, instance:com.hanapos.CashandCarry_Testcases.Hana_T14_Add_Product_FT@46271dd6]" name="Validate_Hana_T14_Add_Product_Test" class="com.hanapos.CashandCarry_Testcases.Hana_T14_Add_Product_FT"/>
      </group> <!-- Regression -->
      <group name="Smoke">
        <method signature="Hana_T14_Add_Product_FT.Validate_Hana_T14_Add_Product_Test(java.lang.String)[pri:0, instance:com.hanapos.CashandCarry_Testcases.Hana_T14_Add_Product_FT@46271dd6]" name="Validate_Hana_T14_Add_Product_Test" class="com.hanapos.CashandCarry_Testcases.Hana_T14_Add_Product_FT"/>
      </group> <!-- Smoke -->
    </groups>
    <test started-at="2024-09-10T12:22:26 IST" name="Default test" finished-at="2024-09-10T12:24:05 IST" duration-ms="99126">
      <class name="com.hanapos.CashandCarry_Testcases.Hana_T14_Add_Product_FT">
        <test-method is-config="true" signature="loadConfig()[pri:0, instance:com.hanapos.CashandCarry_Testcases.Hana_T14_Add_Product_FT@46271dd6]" started-at="2024-09-10T12:22:26 IST" name="loadConfig" finished-at="2024-09-10T12:22:26 IST" duration-ms="27" status="PASS">
          <reporter-output>
          </reporter-output>
        </test-method> <!-- loadConfig -->
        <test-method is-config="true" signature="setup(java.lang.String)[pri:0, instance:com.hanapos.CashandCarry_Testcases.Hana_T14_Add_Product_FT@46271dd6]" started-at="2024-09-10T12:22:28 IST" name="setup" finished-at="2024-09-10T12:22:36 IST" duration-ms="8421" status="PASS">
          <params>
            <param index="0">
              <value>
                <![CDATA[chrome]]>
              </value>
            </param>
          </params>
          <reporter-output>
          </reporter-output>
        </test-method> <!-- setup -->
        <test-method signature="Validate_Hana_T14_Add_Product_Test(java.lang.String)[pri:0, instance:com.hanapos.CashandCarry_Testcases.Hana_T14_Add_Product_FT@46271dd6]" started-at="2024-09-10T12:22:36 IST" name="Validate_Hana_T14_Add_Product_Test" data-provider="fetch_Excel_Data" finished-at="2024-09-10T12:24:05 IST" duration-ms="88504" status="PASS">
          <params>
            <param index="0">
              <value>
                <![CDATA[rrd]]>
              </value>
            </param>
          </params>
          <reporter-output>
          </reporter-output>
        </test-method> <!-- Validate_Hana_T14_Add_Product_Test -->
        <test-method is-config="true" signature="tearDown()[pri:0, instance:com.hanapos.CashandCarry_Testcases.Hana_T14_Add_Product_FT@46271dd6]" started-at="2024-09-10T12:24:05 IST" name="tearDown" finished-at="2024-09-10T12:24:05 IST" duration-ms="276" status="PASS">
          <reporter-output>
          </reporter-output>
        </test-method> <!-- tearDown -->
      </class> <!-- com.hanapos.CashandCarry_Testcases.Hana_T14_Add_Product_FT -->
    </test> <!-- Default test -->
  </suite> <!-- Default suite -->
</testng-results>
