<?xml version="1.0" encoding="UTF-8"?>
<testng-results ignored="0" total="1" passed="1" failed="0" skipped="0">
  <reporter-output>
  </reporter-output>
  <suite started-at="2024-09-17T10:32:22 IST" name="Suite" finished-at="2024-09-17T10:34:04 IST" duration-ms="101969">
    <groups>
      <group name="Regression">
        <method signature="Hana_T130_Pickup_CustomerSection_Edit_Customer_CustomerDetails_OrderDetails_TotalSearchFilter_FT.Validate_Hana_T130_Pickup_CustomerSection_Edit_Customer_CustomerDetails_OrderDetails_TotalSearchFilter_Functionality_Test()[pri:0, instance:com.hanapos.OrderEntry_Alais_PickUp_PhoneOrder_Testcases.Hana_T130_Pickup_CustomerSection_Edit_Customer_CustomerDetails_OrderDetails_TotalSearchFilter_FT@6337c201]" name="Validate_Hana_T130_Pickup_CustomerSection_Edit_Customer_CustomerDetails_OrderDetails_TotalSearchFilter_Functionality_Test" class="com.hanapos.OrderEntry_Alais_PickUp_PhoneOrder_Testcases.Hana_T130_Pickup_CustomerSection_Edit_Customer_CustomerDetails_OrderDetails_TotalSearchFilter_FT"/>
      </group> <!-- Regression -->
    </groups>
    <test started-at="2024-09-17T10:32:22 IST" name="ChromeBrowserTest" finished-at="2024-09-17T10:34:04 IST" duration-ms="101969">
      <class name="com.hanapos.OrderEntry_Alais_PickUp_PhoneOrder_Testcases.Hana_T130_Pickup_CustomerSection_Edit_Customer_CustomerDetails_OrderDetails_TotalSearchFilter_FT">
        <test-method is-config="true" signature="loadConfig()[pri:0, instance:com.hanapos.OrderEntry_Alais_PickUp_PhoneOrder_Testcases.Hana_T130_Pickup_CustomerSection_Edit_Customer_CustomerDetails_OrderDetails_TotalSearchFilter_FT@6337c201]" started-at="2024-09-17T10:32:22 IST" name="loadConfig" finished-at="2024-09-17T10:32:22 IST" duration-ms="26" status="PASS">
          <reporter-output>
          </reporter-output>
        </test-method> <!-- loadConfig -->
        <test-method is-config="true" signature="setup(java.lang.String)[pri:0, instance:com.hanapos.OrderEntry_Alais_PickUp_PhoneOrder_Testcases.Hana_T130_Pickup_CustomerSection_Edit_Customer_CustomerDetails_OrderDetails_TotalSearchFilter_FT@6337c201]" started-at="2024-09-17T10:32:22 IST" name="setup" finished-at="2024-09-17T10:32:30 IST" duration-ms="8296" status="PASS">
          <params>
            <param index="0">
              <value>
                <![CDATA[chrome]]>
              </value>
            </param>
          </params>
          <reporter-output>
          </reporter-output>
        </test-method> <!-- setup -->
        <test-method signature="Validate_Hana_T130_Pickup_CustomerSection_Edit_Customer_CustomerDetails_OrderDetails_TotalSearchFilter_Functionality_Test()[pri:0, instance:com.hanapos.OrderEntry_Alais_PickUp_PhoneOrder_Testcases.Hana_T130_Pickup_CustomerSection_Edit_Customer_CustomerDetails_OrderDetails_TotalSearchFilter_FT@6337c201]" started-at="2024-09-17T10:32:31 IST" name="Validate_Hana_T130_Pickup_CustomerSection_Edit_Customer_CustomerDetails_OrderDetails_TotalSearchFilter_Functionality_Test" finished-at="2024-09-17T10:34:03 IST" duration-ms="92777" status="PASS">
          <reporter-output>
          </reporter-output>
        </test-method> <!-- Validate_Hana_T130_Pickup_CustomerSection_Edit_Customer_CustomerDetails_OrderDetails_TotalSearchFilter_Functionality_Test -->
        <test-method is-config="true" signature="tearDown()[pri:0, instance:com.hanapos.OrderEntry_Alais_PickUp_PhoneOrder_Testcases.Hana_T130_Pickup_CustomerSection_Edit_Customer_CustomerDetails_OrderDetails_TotalSearchFilter_FT@6337c201]" started-at="2024-09-17T10:34:03 IST" name="tearDown" finished-at="2024-09-17T10:34:04 IST" duration-ms="265" status="PASS">
          <reporter-output>
          </reporter-output>
        </test-method> <!-- tearDown -->
      </class> <!-- com.hanapos.OrderEntry_Alais_PickUp_PhoneOrder_Testcases.Hana_T130_Pickup_CustomerSection_Edit_Customer_CustomerDetails_OrderDetails_TotalSearchFilter_FT -->
    </test> <!-- ChromeBrowserTest -->
  </suite> <!-- Suite -->
</testng-results>
