<?xml version="1.0" encoding="UTF-8"?>
<!-- Generated by org.testng.reporters.JUnitXMLReporter -->
<testsuite ignored="82" hostname="DESKTOP-JEHOL2V" failures="6" tests="17" name="CashAndCarryFunctionalTest" time="2066.855" errors="0" timestamp="2024-07-22T16:25:21 IST">
  <testcase classname="com.hanapos.cashandcarrytest.Hana_T14_Add_Product_FT" name="Validate_Hana_T14_Add_Product_Test" time="116.854"/>
  <testcase classname="com.hanapos.cashandcarrytest.Hana_T15_Edit_Product_FT" name="Validate_Hana_T15_Edit_Product_Test" time="129.459"/>
  <testcase classname="com.hanapos.cashandcarrytest.Hana_T16_Delete_Product_FT" name="Validate_Hana_T16_Delete_Product_Test" time="69.461"/>
  <testcase classname="com.hanapos.cashandcarrytest.Hana_T18_OrderConfirmationPopup_FT" name="Validate_Hana_T18_Order_Confirmation_Popup_Test" time="99.127">
    <failure type="java.lang.AssertionError" message="The following asserts failed:
	******Test Failed: SMS Phone number is not autopopulated from customer details****** expected [9566550756] but found []">
      <![CDATA[java.lang.AssertionError: The following asserts failed:
******Test Failed: SMS Phone number is not autopopulated from customer details****** expected [9566550756] but found []
at com.hanapos.cashandcarrytest.Hana_T18_OrderConfirmationPopup_FT.Validate_Hana_T18_Order_Confirmation_Popup_Test(Hana_T18_OrderConfirmationPopup_FT.java:179)
at java.base/java.util.ArrayList.forEach(ArrayList.java:1596)
... Removed 27 stack frames]]>
    </failure>
  </testcase> <!-- Validate_Hana_T18_Order_Confirmation_Popup_Test -->
  <testcase classname="com.hanapos.cashandcarrytest.Hana_T28_Gift_Card_FT" name="Validate_Hana_T28_GiftCard_Functionality_Test" time="126.825"/>
  <testcase classname="com.hanapos.cashandcarrytest.Hana_T33_Purchase_Product_With_Coupon_FT" name="Validate_Hana_T33_Purchase_Product_With_Coupon_Test" time="81.224">
    <failure type="java.lang.AssertionError" message="no such element: Unable to locate element: {&amp;quot;method&amp;quot;:&amp;quot;xpath&amp;quot;,&amp;quot;selector&amp;quot;:&amp;quot;(//div[@class=&amp;apos;col-md-6 col-sm-5 col-xs-6 BoldText text-right hidetax&amp;apos;])[1]//span&amp;quot;}
  (Session info: chrome=126.0.6478.182)
For documentation on this error, please visit: https://www.selenium.dev/documentation/webdriver/troubleshooting/errors#no-such-element-exception
Build info: version: &amp;apos;4.22.0&amp;apos;, revision: &amp;apos;c5f3146703*&amp;apos;
System info: os.name: &amp;apos;Windows 11&amp;apos;, os.arch: &amp;apos;amd64&amp;apos;, os.version: &amp;apos;10.0&amp;apos;, java.version: &amp;apos;21.0.2&amp;apos;
Driver info: org.openqa.selenium.chrome.ChromeDriver
Command: [2e8f84fa02b3423c166fab4e10c75eee, findElement {value=(//div[@class=&amp;apos;col-md-6 col-sm-5 col-xs-6 BoldText text-right hidetax&amp;apos;])[1]//span, using=xpath}]
Capabilities {acceptInsecureCerts: false, browserName: chrome, browserVersion: 126.0.6478.182, chrome: {chromedriverVersion: 126.0.6478.182 (5b5d8292ddf..., userDataDir: C:\Users\Balaji\AppData\Loc...}, fedcm:accounts: true, goog:chromeOptions: {debuggerAddress: localhost:64259}, networkConnectionEnabled: false, pageLoadStrategy: normal, platformName: windows, proxy: Proxy(), se:cdp: ws://localhost:64259/devtoo..., se:cdpVersion: 126.0.6478.182, setWindowRect: true, strictFileInteractability: false, timeouts: {implicit: 0, pageLoad: 300000, script: 30000}, unhandledPromptBehavior: dismiss and notify, webauthn:extension:credBlob: true, webauthn:extension:largeBlob: true, webauthn:extension:minPinLength: true, webauthn:extension:prf: true, webauthn:virtualAuthenticators: true}
Session ID: 2e8f84fa02b3423c166fab4e10c75eee">
      <![CDATA[java.lang.AssertionError: no such element: Unable to locate element: {"method":"xpath","selector":"(//div[@class='col-md-6 col-sm-5 col-xs-6 BoldText text-right hidetax'])[1]//span"}
  (Session info: chrome=126.0.6478.182)
For documentation on this error, please visit: https://www.selenium.dev/documentation/webdriver/troubleshooting/errors#no-such-element-exception
Build info: version: '4.22.0', revision: 'c5f3146703*'
System info: os.name: 'Windows 11', os.arch: 'amd64', os.version: '10.0', java.version: '21.0.2'
Driver info: org.openqa.selenium.chrome.ChromeDriver
Command: [2e8f84fa02b3423c166fab4e10c75eee, findElement {value=(//div[@class='col-md-6 col-sm-5 col-xs-6 BoldText text-right hidetax'])[1]//span, using=xpath}]
Capabilities {acceptInsecureCerts: false, browserName: chrome, browserVersion: 126.0.6478.182, chrome: {chromedriverVersion: 126.0.6478.182 (5b5d8292ddf..., userDataDir: C:\Users\Balaji\AppData\Loc...}, fedcm:accounts: true, goog:chromeOptions: {debuggerAddress: localhost:64259}, networkConnectionEnabled: false, pageLoadStrategy: normal, platformName: windows, proxy: Proxy(), se:cdp: ws://localhost:64259/devtoo..., se:cdpVersion: 126.0.6478.182, setWindowRect: true, strictFileInteractability: false, timeouts: {implicit: 0, pageLoad: 300000, script: 30000}, unhandledPromptBehavior: dismiss and notify, webauthn:extension:credBlob: true, webauthn:extension:largeBlob: true, webauthn:extension:minPinLength: true, webauthn:extension:prf: true, webauthn:virtualAuthenticators: true}
Session ID: 2e8f84fa02b3423c166fab4e10c75eee
at com.hanapos.cashandcarrytest.Hana_T33_Purchase_Product_With_Coupon_FT.Validate_Hana_T33_Purchase_Product_With_Coupon_Test(Hana_T33_Purchase_Product_With_Coupon_FT.java:179)
at java.base/java.util.ArrayList.forEach(ArrayList.java:1596)
... Removed 26 stack frames]]>
    </failure>
  </testcase> <!-- Validate_Hana_T33_Purchase_Product_With_Coupon_Test -->
  <testcase classname="com.hanapos.cashandcarrytest.Hana_T37_Add_New_Customer_FT" name="Validate_Hana_T37_Add_New_Customer_Test" time="225.736">
    <failure type="java.lang.AssertionError" message="The following asserts failed:
	Test Step - 31 - City, State &amp;amp; Zipcode on customer table is not matched expected [Coimbatore Tamilnadu 641004] but found [Coimabtore Tamilnadu 641004],
	 Test - 33 - Added on company name field are not properly displayed expected [Test Automation pvt ltd] but found [Test Automation pvt ltd ]">
      <![CDATA[java.lang.AssertionError: The following asserts failed:
Test Step - 31 - City, State & Zipcode on customer table is not matched expected [Coimbatore Tamilnadu 641004] but found [Coimabtore Tamilnadu 641004],
 Test - 33 - Added on company name field are not properly displayed expected [Test Automation pvt ltd] but found [Test Automation pvt ltd ]
at com.hanapos.cashandcarrytest.Hana_T37_Add_New_Customer_FT.Validate_Hana_T37_Add_New_Customer_Test(Hana_T37_Add_New_Customer_FT.java:472)
at java.base/java.util.ArrayList.forEach(ArrayList.java:1596)
... Removed 27 stack frames]]>
    </failure>
  </testcase> <!-- Validate_Hana_T37_Add_New_Customer_Test -->
  <testcase classname="com.hanapos.cashandcarrytest.Hana_T43_Payments_Split_Payment_FT" name="Validate_Hana_T43_Payments_Split_Payment_Test" time="70.726">
    <failure type="java.lang.AssertionError" message="The following asserts failed:
	null">
      <![CDATA[java.lang.AssertionError: The following asserts failed:
null
at com.hanapos.cashandcarrytest.Hana_T43_Payments_Split_Payment_FT.Validate_Hana_T43_Payments_Split_Payment_Test(Hana_T43_Payments_Split_Payment_FT.java:438)
at java.base/java.util.ArrayList.forEach(ArrayList.java:1596)
... Removed 27 stack frames]]>
    </failure>
  </testcase> <!-- Validate_Hana_T43_Payments_Split_Payment_Test -->
  <testcase classname="com.hanapos.cashandcarrytest.Hana_T51_Payments_Cash_Payment_Section_FT" name="Validate_Hana_T51_Payments_Cash_Payment_Test" time="79.39"/>
  <testcase classname="com.hanapos.cashandcarrytest.Hana_T53_Payments_Check_Payment_Section_FT" name="Validate_Hana_T53_Payments_Check_Payment_Section_Test" time="144.471">
    <failure type="java.lang.AssertionError" message="The following asserts failed:
	Test Step - 16 expected [1844020000000010] but found [],
	Test Step - 16 expected [Bank Of America] but found [],
	Test Step - 16 expected [Hana POS] but found []">
      <![CDATA[java.lang.AssertionError: The following asserts failed:
Test Step - 16 expected [1844020000000010] but found [],
Test Step - 16 expected [Bank Of America] but found [],
Test Step - 16 expected [Hana POS] but found []
at com.hanapos.cashandcarrytest.Hana_T53_Payments_Check_Payment_Section_FT.Validate_Hana_T53_Payments_Check_Payment_Section_Test(Hana_T53_Payments_Check_Payment_Section_FT.java:281)
at java.base/java.util.ArrayList.forEach(ArrayList.java:1596)
... Removed 27 stack frames]]>
    </failure>
  </testcase> <!-- Validate_Hana_T53_Payments_Check_Payment_Section_Test -->
  <testcase classname="com.hanapos.cashandcarrytest.Hana_T56_Payments_Invoice_Payment_Section_FT" name="Validate_Hana_T56_Payments_Invoice_Payment_Section_Test" time="82.224"/>
  <testcase classname="com.hanapos.cashandcarrytest.Hana_T59_Payments_POH_Payment_Section_FT" name="Validate_Hana_T59_Payments_POH_Payment_Section_Test" time="106.371"/>
  <testcase classname="com.hanapos.cashandcarrytest.Hana_T61_Payments_GiftCard_Payment_Section_FT" name="Validate_Hana_T61_Payments_GiftCard_Payment_Section_Test" time="112.281"/>
  <testcase classname="com.hanapos.cashandcarrytest.Hana_T65_Payment_Add_New_Customer_FT" name="Validate_Hana_T65_Payments_Add_New_Customer_Test" time="211.366">
    <failure type="java.lang.AssertionError" message="The following asserts failed:
	Test Step - 24 - Order confirmation toast message text is not matched expected [New Customer added successfully] but found [Order payment done successfully],
	City, State &amp;amp; Zipcode on customer table is not matched expected [Coimbatore Tamilnadu 641004] but found [Coimabtore Tamilnadu 641004],
	Added credit card field is not displayed expected [100] but found [0]">
      <![CDATA[java.lang.AssertionError: The following asserts failed:
Test Step - 24 - Order confirmation toast message text is not matched expected [New Customer added successfully] but found [Order payment done successfully],
City, State & Zipcode on customer table is not matched expected [Coimbatore Tamilnadu 641004] but found [Coimabtore Tamilnadu 641004],
Added credit card field is not displayed expected [100] but found [0]
at com.hanapos.cashandcarrytest.Hana_T65_Payment_Add_New_Customer_FT.Validate_Hana_T65_Payments_Add_New_Customer_Test(Hana_T65_Payment_Add_New_Customer_FT.java:454)
at java.base/java.util.ArrayList.forEach(ArrayList.java:1596)
... Removed 27 stack frames]]>
    </failure>
  </testcase> <!-- Validate_Hana_T65_Payments_Add_New_Customer_Test -->
  <testcase classname="com.hanapos.cashandcarrytest.Hana_T68_Payments_Donation_Payment_Section_FT" name="Validate_Hana_T68_Payments_Donation_Payment_Test" time="108.676"/>
  <testcase classname="com.hanapos.cashandcarrytest.Hana_T69_Add_Product_Without_Customer_FT" name="Validate_Hana_T69_Add_Product_Without_Customer_Test" time="107.655"/>
  <testcase classname="com.hanapos.cashandcarrytest.Hana_T79_Add_Product_With_Existing_Customer_FT" name="Validate_Hana_T79_Add_Product_With_Existing_Customer_Test" time="97.661"/>
  <testcase classname="com.hanapos.seleniumProjectBase.TestBaseClass" name="@BeforeSuite loadConfig" time="0.0">
    <ignored/>
  </testcase> <!-- @BeforeSuite loadConfig -->
  <testcase classname="com.hanapos.cashandcarrytest.Hana_T47_Payments_CreditCard_Manually_Entering_CreditCard_Details_AddNewCard_Functionality_FT" name="Validate_Hana_T47_Payments_CreditCard_Manually_Entering_CreditCard_Details_AddNewCard_Test" time="0.0">
    <ignored/>
  </testcase> <!-- Validate_Hana_T47_Payments_CreditCard_Manually_Entering_CreditCard_Details_AddNewCard_Test -->
  <testcase classname="com.hanapos.cashandcarrytest.Hana_T31_GiftCardSalepopup_Edit_Gift_Card_Denominations_Add_FT" name="Validate_Hana_T31_GiftCardSalesPopup_EditGiftCardDenomination_AddFunctionalityTest" time="0.0">
    <ignored/>
  </testcase> <!-- Validate_Hana_T31_GiftCardSalesPopup_EditGiftCardDenomination_AddFunctionalityTest -->
  <testcase classname="com.hanapos.cashandcarrytest.Hana_T20_OrderConfirmationEmail_FT" name="Validate_Hana_T20_OrderConfirmationEmail_Test" time="0.0">
    <ignored/>
  </testcase> <!-- Validate_Hana_T20_OrderConfirmationEmail_Test -->
  <testcase classname="com.hanapos.cashandcarrytest.Hana_T02_AddProductWithDiscount_FT" name="Validate_Hana_T02_Add_Product_With_Discount_Test" time="0.0">
    <ignored/>
  </testcase> <!-- Validate_Hana_T02_Add_Product_With_Discount_Test -->
  <testcase classname="com.hanapos.cashandcarrytest.Hana_T05_WalkingSettings_AddNewPopup_UI_Test" name="Validate_Hana_T05_WalkingSetting_AddNewBtn_UIElement_Test" time="0.0">
    <ignored/>
  </testcase> <!-- Validate_Hana_T05_WalkingSetting_AddNewBtn_UIElement_Test -->
  <testcase classname="com.hanapos.seleniumProjectBase.TestBaseClass" name="@BeforeSuite loadConfig" time="0.0">
    <ignored/>
  </testcase> <!-- @BeforeSuite loadConfig -->
  <testcase classname="com.hanapos.cashandcarrytest.Hana_T49_Payments_CreditCard_Validation" name="Validate_Hana_T49_Payments_CreditCard_Validation_Test" time="0.0">
    <ignored/>
  </testcase> <!-- Validate_Hana_T49_Payments_CreditCard_Validation_Test -->
  <testcase classname="com.hanapos.seleniumProjectBase.TestBaseClass" name="@BeforeSuite loadConfig" time="0.0">
    <ignored/>
  </testcase> <!-- @BeforeSuite loadConfig -->
  <testcase classname="com.hanapos.cashandcarrytest.Hana_T09_WalkinsSetting_CashRegistery_Merchant_Copy_with_Merchant_Copy_Notes_FT" name="Validate_Hana_T09_WalkinsSetting_CashRegistery_Merchant_Copy_with_Merchant_Copy_Notes_FT" time="0.0">
    <ignored/>
  </testcase> <!-- Validate_Hana_T09_WalkinsSetting_CashRegistery_Merchant_Copy_with_Merchant_Copy_Notes_FT -->
  <testcase classname="com.hanapos.cashandcarrytest.Hana_T32_GiftCardSalepopup_Edit_Gift_Card_Denominations_Edit_FT" name="Validate_Hana_T32_GiftCardSalesPopup_EditGiftCardDenomination_AddFunctionality_Test" time="0.0">
    <ignored/>
  </testcase> <!-- Validate_Hana_T32_GiftCardSalesPopup_EditGiftCardDenomination_AddFunctionality_Test -->
  <testcase classname="com.hanapos.seleniumProjectBase.TestBaseClass" name="@BeforeSuite loadConfig" time="0.0">
    <ignored/>
  </testcase> <!-- @BeforeSuite loadConfig -->
  <testcase classname="com.hanapos.seleniumProjectBase.TestBaseClass" name="@BeforeSuite loadConfig" time="0.0">
    <ignored/>
  </testcase> <!-- @BeforeSuite loadConfig -->
  <testcase classname="com.hanapos.seleniumProjectBase.TestBaseClass" name="@BeforeSuite loadConfig" time="0.0">
    <ignored/>
  </testcase> <!-- @BeforeSuite loadConfig -->
  <testcase classname="com.hanapos.cashandcarrytest.Hana_T89_WalkinsSetting_CashRegistery_Customer_Copy_UnChecked_FT" name="Validate_Hana_T89_CashRegistery_Customer_Copy_UnChecked_FT" time="0.0">
    <ignored/>
  </testcase> <!-- Validate_Hana_T89_CashRegistery_Customer_Copy_UnChecked_FT -->
  <testcase classname="com.hanapos.cashandcarrytest.Hana_T08_WalkingSettings_DeleteCashRegister_FT" name="Validate_Hana_T08_WalkingSetting_Delete_CashRegister_Test" time="0.0">
    <ignored/>
  </testcase> <!-- Validate_Hana_T08_WalkingSetting_Delete_CashRegister_Test -->
  <testcase classname="com.hanapos.seleniumProjectBase.TestBaseClass" name="@BeforeSuite loadConfig" time="0.0">
    <ignored/>
  </testcase> <!-- @BeforeSuite loadConfig -->
  <testcase classname="com.hanapos.seleniumProjectBase.TestBaseClass" name="@BeforeSuite loadConfig" time="0.0">
    <ignored/>
  </testcase> <!-- @BeforeSuite loadConfig -->
  <testcase classname="com.hanapos.seleniumProjectBase.TestBaseClass" name="@BeforeSuite loadConfig" time="0.0">
    <ignored/>
  </testcase> <!-- @BeforeSuite loadConfig -->
  <testcase classname="com.hanapos.seleniumProjectBase.TestBaseClass" name="@BeforeSuite loadConfig" time="0.0">
    <ignored/>
  </testcase> <!-- @BeforeSuite loadConfig -->
  <testcase classname="com.hanapos.seleniumProjectBase.TestBaseClass" name="@BeforeSuite loadConfig" time="0.0">
    <ignored/>
  </testcase> <!-- @BeforeSuite loadConfig -->
  <testcase classname="com.hanapos.seleniumProjectBase.TestBaseClass" name="@BeforeSuite loadConfig" time="0.0">
    <ignored/>
  </testcase> <!-- @BeforeSuite loadConfig -->
  <testcase classname="com.hanapos.cashandcarrytest.Hana_T25_ChooseDefaultvalues_OrderEntryAliasPhoneOrder_FT" name="Validate_Hana_T25_Choose_Default_Values_OrderEntryAliasPhoneOrderPage_Test" time="0.0">
    <ignored/>
  </testcase> <!-- Validate_Hana_T25_Choose_Default_Values_OrderEntryAliasPhoneOrderPage_Test -->
  <testcase classname="com.hanapos.cashandcarrytest.Hana_T75_Payout_FT" name="Validate_Hana_T75_Payout_Test" time="0.0">
    <ignored/>
  </testcase> <!-- Validate_Hana_T75_Payout_Test -->
  <testcase classname="com.hanapos.cashandcarrytest.Hana_T12_WalkinsSetting_CashRegistery_Customer_Copy_Without_Customer_Copy_Notes_FT" name="Validate_Hana_T12_WalkinsSetting_CashRegistery_Customer_Copy_without_Customer_Copy_Notes_FT" time="0.0">
    <ignored/>
  </testcase> <!-- Validate_Hana_T12_WalkinsSetting_CashRegistery_Customer_Copy_without_Customer_Copy_Notes_FT -->
  <testcase classname="com.hanapos.seleniumProjectBase.TestBaseClass" name="@BeforeSuite loadConfig" time="0.0">
    <ignored/>
  </testcase> <!-- @BeforeSuite loadConfig -->
  <testcase classname="com.hanapos.seleniumProjectBase.TestBaseClass" name="@BeforeSuite loadConfig" time="0.0">
    <ignored/>
  </testcase> <!-- @BeforeSuite loadConfig -->
  <testcase classname="com.hanapos.seleniumProjectBase.TestBaseClass" name="@BeforeSuite loadConfig" time="0.0">
    <ignored/>
  </testcase> <!-- @BeforeSuite loadConfig -->
  <testcase classname="com.hanapos.seleniumProjectBase.TestBaseClass" name="@BeforeSuite loadConfig" time="0.0">
    <ignored/>
  </testcase> <!-- @BeforeSuite loadConfig -->
  <testcase classname="com.hanapos.seleniumProjectBase.TestBaseClass" name="@BeforeSuite loadConfig" time="0.0">
    <ignored/>
  </testcase> <!-- @BeforeSuite loadConfig -->
  <testcase classname="com.hanapos.seleniumProjectBase.TestBaseClass" name="@BeforeSuite loadConfig" time="0.0">
    <ignored/>
  </testcase> <!-- @BeforeSuite loadConfig -->
  <testcase classname="com.hanapos.cashandcarrytest.Hana_T11_WalkinsSetting_CashRegistery_Customer_Copy_With_Customer_Copy_Notes_FT" name="Validate_Hana_T11_WalkinsSetting_CashRegistery_Customer_Copy_with_Customer_Copy_Notes_FT" time="0.0">
    <ignored/>
  </testcase> <!-- Validate_Hana_T11_WalkinsSetting_CashRegistery_Customer_Copy_with_Customer_Copy_Notes_FT -->
  <testcase classname="com.hanapos.cashandcarrytest.Hana_T03_UpdateDiscountOrderLevel_FT" name="Validate_Hana_T03_Update_DiscountOrder_LevelTest" time="0.0">
    <ignored/>
  </testcase> <!-- Validate_Hana_T03_Update_DiscountOrder_LevelTest -->
  <testcase classname="com.hanapos.seleniumProjectBase.TestBaseClass" name="@BeforeSuite loadConfig" time="0.0">
    <ignored/>
  </testcase> <!-- @BeforeSuite loadConfig -->
  <testcase classname="com.hanapos.seleniumProjectBase.TestBaseClass" name="@BeforeSuite loadConfig" time="0.0">
    <ignored/>
  </testcase> <!-- @BeforeSuite loadConfig -->
  <testcase classname="com.hanapos.seleniumProjectBase.TestBaseClass" name="@BeforeSuite loadConfig" time="0.0">
    <ignored/>
  </testcase> <!-- @BeforeSuite loadConfig -->
  <testcase classname="com.hanapos.seleniumProjectBase.TestBaseClass" name="@BeforeSuite loadConfig" time="0.0">
    <ignored/>
  </testcase> <!-- @BeforeSuite loadConfig -->
  <testcase classname="com.hanapos.cashandcarrytest.Hana_T70_Sales_History_FT" name="Validate_Hana_T70_Sales_History_Test" time="0.0">
    <ignored/>
  </testcase> <!-- Validate_Hana_T70_Sales_History_Test -->
  <testcase classname="com.hanapos.cashandcarrytest.Hana_T88_WalkinsSetting_CashRegistery_Customer_Copy_Checked_FT" name="Validate_Hana_T88_CashRegistery_Customer_Copy_Checked_FT" time="0.0">
    <ignored/>
  </testcase> <!-- Validate_Hana_T88_CashRegistery_Customer_Copy_Checked_FT -->
  <testcase classname="com.hanapos.seleniumProjectBase.TestBaseClass" name="@BeforeSuite loadConfig" time="0.0">
    <ignored/>
  </testcase> <!-- @BeforeSuite loadConfig -->
  <testcase classname="com.hanapos.seleniumProjectBase.TestBaseClass" name="@BeforeSuite loadConfig" time="0.0">
    <ignored/>
  </testcase> <!-- @BeforeSuite loadConfig -->
  <testcase classname="com.hanapos.cashandcarrytest.Hana_T72_Open_Drawer_FT" name="Validate_Hana_T72_Open_Drawer_Test" time="0.0">
    <ignored/>
  </testcase> <!-- Validate_Hana_T72_Open_Drawer_Test -->
  <testcase classname="com.hanapos.seleniumProjectBase.TestBaseClass" name="@BeforeSuite loadConfig" time="0.0">
    <ignored/>
  </testcase> <!-- @BeforeSuite loadConfig -->
  <testcase classname="com.hanapos.seleniumProjectBase.TestBaseClass" name="@BeforeSuite loadConfig" time="0.0">
    <ignored/>
  </testcase> <!-- @BeforeSuite loadConfig -->
  <testcase classname="com.hanapos.cashandcarrytest.Hana_T07_WalkingSettings_EditCashRegister_FT" name="Validate_Hana_T07_WalkingSetting_Edit_CashRegister_Test" time="0.0">
    <ignored/>
  </testcase> <!-- Validate_Hana_T07_WalkingSetting_Edit_CashRegister_Test -->
  <testcase classname="com.hanapos.seleniumProjectBase.TestBaseClass" name="@BeforeSuite loadConfig" time="0.0">
    <ignored/>
  </testcase> <!-- @BeforeSuite loadConfig -->
  <testcase classname="com.hanapos.seleniumProjectBase.TestBaseClass" name="@BeforeSuite loadConfig" time="0.0">
    <ignored/>
  </testcase> <!-- @BeforeSuite loadConfig -->
  <testcase classname="com.hanapos.seleniumProjectBase.TestBaseClass" name="@BeforeSuite loadConfig" time="0.0">
    <ignored/>
  </testcase> <!-- @BeforeSuite loadConfig -->
  <testcase classname="com.hanapos.seleniumProjectBase.TestBaseClass" name="@BeforeSuite loadConfig" time="0.0">
    <ignored/>
  </testcase> <!-- @BeforeSuite loadConfig -->
  <testcase classname="com.hanapos.seleniumProjectBase.TestBaseClass" name="@BeforeSuite loadConfig" time="0.0">
    <ignored/>
  </testcase> <!-- @BeforeSuite loadConfig -->
  <testcase classname="com.hanapos.cashandcarrytest.Hana_T46_Payments_CreditCard_SwipeCard_FT" name="Validate_Hana_T46_Payments_CreditCard_SwipeCard_Test" time="0.0">
    <ignored/>
  </testcase> <!-- Validate_Hana_T46_Payments_CreditCard_SwipeCard_Test -->
  <testcase classname="com.hanapos.seleniumProjectBase.TestBaseClass" name="@BeforeSuite loadConfig" time="0.0">
    <ignored/>
  </testcase> <!-- @BeforeSuite loadConfig -->
  <testcase classname="com.hanapos.cashandcarrytest.Hana_T22_ChooseDefaultvalues_Cash_and_Carry_FT" name="Validate_Hana_T22_Choose_Default_Values_Page_Test" time="0.0">
    <ignored/>
  </testcase> <!-- Validate_Hana_T22_Choose_Default_Values_Page_Test -->
  <testcase classname="com.hanapos.seleniumProjectBase.TestBaseClass" name="@BeforeSuite loadConfig" time="0.0">
    <ignored/>
  </testcase> <!-- @BeforeSuite loadConfig -->
  <testcase classname="com.hanapos.seleniumProjectBase.TestBaseClass" name="@BeforeSuite loadConfig" time="0.0">
    <ignored/>
  </testcase> <!-- @BeforeSuite loadConfig -->
  <testcase classname="com.hanapos.seleniumProjectBase.TestBaseClass" name="@BeforeSuite loadConfig" time="0.0">
    <ignored/>
  </testcase> <!-- @BeforeSuite loadConfig -->
  <testcase classname="com.hanapos.seleniumProjectBase.TestBaseClass" name="@BeforeSuite loadConfig" time="0.0">
    <ignored/>
  </testcase> <!-- @BeforeSuite loadConfig -->
  <testcase classname="com.hanapos.cashandcarrytest.Hana_T48_Payments_CreditCard_Manually_Entering_CreditCard_Details_ExistingCard_Functionality_FT" name="Validate_Hana_T48_Payments_CreditCard_Manually_Entering_CreditCard_Details_ExistingCard_Functionality_Test" time="0.0">
    <ignored/>
  </testcase> <!-- Validate_Hana_T48_Payments_CreditCard_Manually_Entering_CreditCard_Details_ExistingCard_Functionality_Test -->
  <testcase classname="com.hanapos.cashandcarrytest.Hana_T01_UI_Elements_Test" name="Validate_Hana_T01_CashAndCarryPage_UI_ElementsTest" time="0.0">
    <ignored/>
  </testcase> <!-- Validate_Hana_T01_CashAndCarryPage_UI_ElementsTest -->
  <testcase classname="com.hanapos.seleniumProjectBase.TestBaseClass" name="@BeforeSuite loadConfig" time="0.0">
    <ignored/>
  </testcase> <!-- @BeforeSuite loadConfig -->
  <testcase classname="com.hanapos.seleniumProjectBase.TestBaseClass" name="@BeforeSuite loadConfig" time="0.0">
    <ignored/>
  </testcase> <!-- @BeforeSuite loadConfig -->
  <testcase classname="com.hanapos.cashandcarrytest.Hana_T42_Payment_Convert_Delivery_FT" name="Validate_Hana_T42_Payment_Convert_Delivery_Test" time="0.0">
    <ignored/>
  </testcase> <!-- Validate_Hana_T42_Payment_Convert_Delivery_Test -->
  <testcase classname="com.hanapos.cashandcarrytest.Hana_T10_WalkinsSetting_CashRegistery_Merchant_Copy_Without_Merchant_Copy_Notes_FT" name="Validate_Hana_T10_WalkinsSetting_CashRegistery_Merchant_Copy_without_Merchant_Copy_Notes_FT" time="0.0">
    <ignored/>
  </testcase> <!-- Validate_Hana_T10_WalkinsSetting_CashRegistery_Merchant_Copy_without_Merchant_Copy_Notes_FT -->
  <testcase classname="com.hanapos.seleniumProjectBase.TestBaseClass" name="@BeforeSuite loadConfig" time="0.0">
    <ignored/>
  </testcase> <!-- @BeforeSuite loadConfig -->
  <testcase classname="com.hanapos.seleniumProjectBase.TestBaseClass" name="@BeforeSuite loadConfig" time="0.0">
    <ignored/>
  </testcase> <!-- @BeforeSuite loadConfig -->
  <testcase classname="com.hanapos.seleniumProjectBase.TestBaseClass" name="@BeforeSuite loadConfig" time="0.0">
    <ignored/>
  </testcase> <!-- @BeforeSuite loadConfig -->
  <testcase classname="com.hanapos.cashandcarrytest.Hana_T40_Split_Payment_FT" name="Validate_Hana_T40_Split_Payment_Test" time="0.0">
    <ignored/>
  </testcase> <!-- Validate_Hana_T40_Split_Payment_Test -->
  <testcase classname="com.hanapos.seleniumProjectBase.TestBaseClass" name="@BeforeSuite loadConfig" time="0.0">
    <ignored/>
  </testcase> <!-- @BeforeSuite loadConfig -->
  <testcase classname="com.hanapos.seleniumProjectBase.TestBaseClass" name="@BeforeSuite loadConfig" time="0.0">
    <ignored/>
  </testcase> <!-- @BeforeSuite loadConfig -->
  <testcase classname="com.hanapos.seleniumProjectBase.TestBaseClass" name="@BeforeSuite loadConfig" time="0.0">
    <ignored/>
  </testcase> <!-- @BeforeSuite loadConfig -->
  <testcase classname="com.hanapos.cashandcarrytest.Hana_T87_WalkinsSetting_CashRegistery_Merchant_Copy_UnChecked_FT" name="Validate_Hana_T87_WalkinsSetting_CashRegistery_Merchant_Copy_UnChecked_FT" time="0.0">
    <ignored/>
  </testcase> <!-- Validate_Hana_T87_WalkinsSetting_CashRegistery_Merchant_Copy_UnChecked_FT -->
  <testcase classname="com.hanapos.seleniumProjectBase.TestBaseClass" name="@BeforeSuite loadConfig" time="0.0">
    <ignored/>
  </testcase> <!-- @BeforeSuite loadConfig -->
  <testcase classname="com.hanapos.cashandcarrytest.Hana_T78_Reconcile_FT" name="Validate_Hana_T78_Reconcile_Test" time="0.0">
    <ignored/>
  </testcase> <!-- Validate_Hana_T78_Reconcile_Test -->
  <testcase classname="com.hanapos.seleniumProjectBase.TestBaseClass" name="@BeforeSuite loadConfig" time="0.0">
    <ignored/>
  </testcase> <!-- @BeforeSuite loadConfig -->
  <testcase classname="com.hanapos.cashandcarrytest.Hana_T04_WalkingSettings_UI_Test" name="Validate_Hana_T04_WalkingSetting_UIElement_Test" time="0.0">
    <ignored/>
  </testcase> <!-- Validate_Hana_T04_WalkingSetting_UIElement_Test -->
  <testcase classname="com.hanapos.cashandcarrytest.Hana_T06_WalkingSettings_AddNewCashRegister_FT" name="Validate_Hana_T06_WalkingSetting_AddNew_CashRegister_Test" time="0.0">
    <ignored/>
  </testcase> <!-- Validate_Hana_T06_WalkingSetting_AddNew_CashRegister_Test -->
  <testcase classname="com.hanapos.seleniumProjectBase.TestBaseClass" name="@BeforeSuite loadConfig" time="0.0">
    <ignored/>
  </testcase> <!-- @BeforeSuite loadConfig -->
  <testcase classname="com.hanapos.seleniumProjectBase.TestBaseClass" name="@BeforeSuite loadConfig" time="0.0">
    <ignored/>
  </testcase> <!-- @BeforeSuite loadConfig -->
  <testcase classname="com.hanapos.cashandcarrytest.Hana_T63_Payments_GiftCard_Payment_Section_Swipe_Card_FT" name="Validate_Hana_T63_Payments_GiftCard_Payment_Section_Swipe_Card_Test" time="0.0">
    <ignored/>
  </testcase> <!-- Validate_Hana_T63_Payments_GiftCard_Payment_Section_Swipe_Card_Test -->
  <testcase classname="com.hanapos.cashandcarrytest.Hana_T86_WalkinsSetting_CashRegistery_Merchant_Copy_Checked_FT" name="Validate_Hana_T86_WalkinsSetting_CashRegistery_Merchant_Copy_Checked_FT" time="0.0">
    <ignored/>
  </testcase> <!-- Validate_Hana_T86_WalkinsSetting_CashRegistery_Merchant_Copy_Checked_FT -->
  <testcase classname="com.hanapos.seleniumProjectBase.TestBaseClass" name="@BeforeSuite loadConfig" time="0.0">
    <ignored/>
  </testcase> <!-- @BeforeSuite loadConfig -->
  <testcase classname="com.hanapos.cashandcarrytest.Hana_T35_CashAndCarry_Switching_Between_Shops_FT" name="Validate_Hana_T35_CashAndCarry_Switching_Between_Shops_Test" time="0.0">
    <ignored/>
  </testcase> <!-- Validate_Hana_T35_CashAndCarry_Switching_Between_Shops_Test -->
</testsuite> <!-- CashAndCarryFunctionalTest -->
